00:09:22,344 INFO  [org.jboss.as.clustering.infinispan] (ServerService Thread Pool -- 31) JBAS010280: Activating Infinispan subsystem.
00:09:22,362 INFO  [org.jboss.as.connector] (MSC service thread 1-7) JBAS010408: Starting JCA Subsystem (JBoss IronJacamar 1.0.9.Final)
00:09:22,393 INFO  [org.jboss.as.osgi] (ServerService Thread Pool -- 39) JBAS011940: Activating OSGi Subsystem
00:09:22,411 INFO  [org.jboss.as.configadmin] (ServerService Thread Pool -- 26) JBAS016200: Activating ConfigAdmin Subsystem
00:09:22,413 INFO  [org.jboss.as.naming] (ServerService Thread Pool -- 38) JBAS011800: Activating Naming Subsystem
00:09:22,419 INFO  [org.jboss.as.naming] (MSC service thread 1-3) JBAS011802: Starting Naming Service
00:09:22,428 INFO  [org.jboss.as.mail.extension] (MSC service thread 1-5) JBAS015400: Bound mail session [java:jboss/mail/Default]
00:09:22,469 INFO  [org.jboss.as.security] (ServerService Thread Pool -- 44) JBAS013101: Activating Security Subsystem
00:09:22,473 INFO  [org.jboss.as.security] (MSC service thread 1-3) JBAS013100: Current PicketBox version=4.0.7.Final
00:09:22,496 INFO  [org.jboss.as.connector.subsystems.datasources] (ServerService Thread Pool -- 27) JBAS010403: Deploying JDBC-compliant driver class org.h2.Driver (version 1.3)
00:09:22,498 INFO  [org.jboss.as.webservices] (ServerService Thread Pool -- 48) JBAS015537: Activating WebServices Extension
00:09:22,947 ERROR [org.apache.coyote.http11.Http11Protocol] (MSC service thread 1-1) Error initializing endpoint: java.net.BindException: Address already in use: JVM_Bind /127.0.0.1:8080
	at org.apache.tomcat.util.net.JIoEndpoint.init(JIoEndpoint.java:983) [jbossweb-7.0.13.Final.jar:]
	at org.apache.coyote.http11.Http11Protocol.init(Http11Protocol.java:190) [jbossweb-7.0.13.Final.jar:]
	at org.apache.catalina.connector.Connector.init(Connector.java:983) [jbossweb-7.0.13.Final.jar:]
	at org.jboss.as.web.WebConnectorService.start(WebConnectorService.java:267) [jboss-as-web-7.1.1.Final.jar:7.1.1.Final]
	at org.jboss.msc.service.ServiceControllerImpl$StartTask.startService(ServiceControllerImpl.java:1811) [jboss-msc-1.0.2.GA.jar:1.0.2.GA]
	at org.jboss.msc.service.ServiceControllerImpl$StartTask.run(ServiceControllerImpl.java:1746) [jboss-msc-1.0.2.GA.jar:1.0.2.GA]
	at java.util.concurrent.ThreadPoolExecutor.runWorker(ThreadPoolExecutor.java:1145) [rt.jar:1.7.0_79]
	at java.util.concurrent.ThreadPoolExecutor$Worker.run(ThreadPoolExecutor.java:615) [rt.jar:1.7.0_79]
	at java.lang.Thread.run(Thread.java:745) [rt.jar:1.7.0_79]

00:09:22,959 ERROR [org.jboss.msc.service.fail] (MSC service thread 1-1) MSC00001: Failed to start service jboss.web.connector.http: org.jboss.msc.service.StartException in service jboss.web.connector.http: JBAS018007: Error starting web connector
	at org.jboss.as.web.WebConnectorService.start(WebConnectorService.java:271)
	at org.jboss.msc.service.ServiceControllerImpl$StartTask.startService(ServiceControllerImpl.java:1811) [jboss-msc-1.0.2.GA.jar:1.0.2.GA]
	at org.jboss.msc.service.ServiceControllerImpl$StartTask.run(ServiceControllerImpl.java:1746) [jboss-msc-1.0.2.GA.jar:1.0.2.GA]
	at java.util.concurrent.ThreadPoolExecutor.runWorker(ThreadPoolExecutor.java:1145) [rt.jar:1.7.0_79]
	at java.util.concurrent.ThreadPoolExecutor$Worker.run(ThreadPoolExecutor.java:615) [rt.jar:1.7.0_79]
	at java.lang.Thread.run(Thread.java:745) [rt.jar:1.7.0_79]
Caused by: LifecycleException:  Protocol handler initialization failed: java.net.BindException: Address already in use: JVM_Bind /127.0.0.1:8080
	at org.apache.catalina.connector.Connector.init(Connector.java:985)
	at org.jboss.as.web.WebConnectorService.start(WebConnectorService.java:267)
	... 5 more

00:09:23,088 INFO  [org.jboss.ws.common.management.AbstractServerConfig] (MSC service thread 1-6) JBoss Web Services - Stack CXF Server 4.0.2.GA
00:09:23,227 INFO  [org.jboss.as.remoting] (MSC service thread 1-3) JBAS017100: Listening on /127.0.0.1:9999
00:09:23,227 INFO  [org.jboss.as.server.deployment.scanner] (MSC service thread 1-2) JBAS015012: Started FileSystemDeploymentService for directory C:\Lavoro\WORKSPACES\mongorest-workspace\mongodbmain\extensions\declarative\target\jboss-as-7.1.1.Final\standalone\deployments
00:09:23,227 INFO  [org.jboss.as.remoting] (MSC service thread 1-5) JBAS017100: Listening on /127.0.0.1:4447
00:09:23,235 ERROR [org.jboss.msc.service.fail] (MSC service thread 1-6) MSC00001: Failed to start service jboss.serverManagement.controller.management.http: org.jboss.msc.service.StartException in service jboss.serverManagement.controller.management.http: Address already in use: bind /127.0.0.1:9990
	at org.jboss.as.server.mgmt.HttpManagementService.start(HttpManagementService.java:210) [jboss-as-server-7.1.1.Final.jar:7.1.1.Final]
	at org.jboss.msc.service.ServiceControllerImpl$StartTask.startService(ServiceControllerImpl.java:1811) [jboss-msc-1.0.2.GA.jar:1.0.2.GA]
	at org.jboss.msc.service.ServiceControllerImpl$StartTask.run(ServiceControllerImpl.java:1746) [jboss-msc-1.0.2.GA.jar:1.0.2.GA]
	at java.util.concurrent.ThreadPoolExecutor.runWorker(ThreadPoolExecutor.java:1145) [rt.jar:1.7.0_79]
	at java.util.concurrent.ThreadPoolExecutor$Worker.run(ThreadPoolExecutor.java:615) [rt.jar:1.7.0_79]
	at java.lang.Thread.run(Thread.java:745) [rt.jar:1.7.0_79]
Caused by: java.net.BindException: Address already in use: bind
	at sun.nio.ch.Net.bind0(Native Method) [rt.jar:1.7.0_79]
	at sun.nio.ch.Net.bind(Net.java:444) [rt.jar:1.7.0_79]
	at sun.nio.ch.Net.bind(Net.java:436) [rt.jar:1.7.0_79]
	at sun.nio.ch.ServerSocketChannelImpl.bind(ServerSocketChannelImpl.java:214) [rt.jar:1.7.0_79]
	at sun.nio.ch.ServerSocketAdaptor.bind(ServerSocketAdaptor.java:74) [rt.jar:1.7.0_79]
	at org.jboss.sun.net.httpserver.ServerImpl.<init>(ServerImpl.java:144)
	at org.jboss.sun.net.httpserver.HttpServerImpl.<init>(HttpServerImpl.java:54)
	at org.jboss.sun.net.httpserver.DefaultHttpServerProvider.createHttpServer(DefaultHttpServerProvider.java:38)
	at org.jboss.com.sun.net.httpserver.HttpServer.create(HttpServer.java:147)
	at org.jboss.as.domain.http.server.ManagementHttpServer.create(ManagementHttpServer.java:145) [jboss-as-domain-http-interface-7.1.1.Final.jar:7.1.1.Final]
	at org.jboss.as.server.mgmt.HttpManagementService.start(HttpManagementService.java:177) [jboss-as-server-7.1.1.Final.jar:7.1.1.Final]
	... 5 more

00:09:23,360 INFO  [org.jboss.as.connector.subsystems.datasources] (MSC service thread 1-2) JBAS010400: Bound data source [java:jboss/datasources/ExampleDS]
00:09:23,570 INFO  [org.jboss.as.controller] (Controller Boot Thread) JBAS014774: Service status report
JBAS014777:   Services which failed to start:      service jboss.web.connector.http: org.jboss.msc.service.StartException in service jboss.web.connector.http: JBAS018007: Error starting web connector
      service jboss.serverManagement.controller.management.http: org.jboss.msc.service.StartException in service jboss.serverManagement.controller.management.http: Address already in use: bind /127.0.0.1:9990

00:09:23,723 INFO  [org.jboss.as] (Controller Boot Thread) JBAS015954: Admin console is not enabled
00:09:23,724 ERROR [org.jboss.as] (Controller Boot Thread) JBAS015875: JBoss AS 7.1.1.Final "Brontes" started (with errors) in 3249ms - Started 130 of 208 services (3 services failed or missing dependencies, 74 services are passive or on-demand)
00:09:29,158 INFO  [org.jboss.as.repository] (management-handler-thread - 2) JBAS014900: Content added at location C:\Lavoro\WORKSPACES\mongorest-workspace\mongodbmain\extensions\declarative\target\jboss-as-7.1.1.Final\standalone\data\content\71\f8907b171f519d7ece8328db28faa38d7edd1f\content
00:09:29,172 INFO  [org.jboss.as.server.deployment] (MSC service thread 1-4) JBAS015876: Starting deployment of "11c1b4f7-19a1-4c31-b924-e5bfc7734bb9.war"
00:09:29,904 INFO  [org.jboss.web] (MSC service thread 1-7) JBAS018210: Registering web context: /11c1b4f7-19a1-4c31-b924-e5bfc7734bb9
00:09:30,018 INFO  [org.jboss.as.server] (management-handler-thread - 2) JBAS018559: Deployed "11c1b4f7-19a1-4c31-b924-e5bfc7734bb9.war"
00:09:30,541 INFO  [org.jboss.as.server.deployment] (MSC service thread 1-1) JBAS015877: Stopped deployment 11c1b4f7-19a1-4c31-b924-e5bfc7734bb9.war in 62ms
00:09:30,619 INFO  [org.jboss.as.repository] (management-handler-thread - 2) JBAS014901: Content removed from location C:\Lavoro\WORKSPACES\mongorest-workspace\mongodbmain\extensions\declarative\target\jboss-as-7.1.1.Final\standalone\data\content\71\f8907b171f519d7ece8328db28faa38d7edd1f\content
00:09:30,621 INFO  [org.jboss.as.server] (management-handler-thread - 2) JBAS018558: Undeployed "11c1b4f7-19a1-4c31-b924-e5bfc7734bb9.war"
00:09:31,232 INFO  [org.jboss.as.repository] (management-handler-thread - 3) JBAS014900: Content added at location C:\Lavoro\WORKSPACES\mongorest-workspace\mongodbmain\extensions\declarative\target\jboss-as-7.1.1.Final\standalone\data\content\a1\8491eea8cd9c357b604256b680d4ea757e8bbd\content
00:09:31,235 INFO  [org.jboss.as.server.deployment] (MSC service thread 1-6) JBAS015876: Starting deployment of "618323f1-938e-4d5e-9848-bdf2e60b709c.war"
00:09:31,436 INFO  [org.jboss.web] (MSC service thread 1-3) JBAS018210: Registering web context: /618323f1-938e-4d5e-9848-bdf2e60b709c
00:09:31,498 INFO  [org.jboss.as.server] (management-handler-thread - 3) JBAS018559: Deployed "618323f1-938e-4d5e-9848-bdf2e60b709c.war"
00:09:31,556 INFO  [org.jboss.as.server.deployment] (MSC service thread 1-2) JBAS015877: Stopped deployment 618323f1-938e-4d5e-9848-bdf2e60b709c.war in 44ms
00:09:31,614 INFO  [org.jboss.as.repository] (management-handler-thread - 2) JBAS014901: Content removed from location C:\Lavoro\WORKSPACES\mongorest-workspace\mongodbmain\extensions\declarative\target\jboss-as-7.1.1.Final\standalone\data\content\a1\8491eea8cd9c357b604256b680d4ea757e8bbd\content
00:09:31,616 INFO  [org.jboss.as.server] (management-handler-thread - 2) JBAS018558: Undeployed "618323f1-938e-4d5e-9848-bdf2e60b709c.war"
00:16:22,015 INFO  [org.jboss.as.clustering.infinispan] (ServerService Thread Pool -- 31) JBAS010280: Activating Infinispan subsystem.
00:16:22,038 INFO  [org.jboss.as.connector] (MSC service thread 1-5) JBAS010408: Starting JCA Subsystem (JBoss IronJacamar 1.0.9.Final)
00:16:22,079 INFO  [org.jboss.as.configadmin] (ServerService Thread Pool -- 26) JBAS016200: Activating ConfigAdmin Subsystem
00:16:22,092 INFO  [org.jboss.as.connector.subsystems.datasources] (ServerService Thread Pool -- 27) JBAS010403: Deploying JDBC-compliant driver class org.h2.Driver (version 1.3)
00:16:22,101 INFO  [org.jboss.as.naming] (ServerService Thread Pool -- 38) JBAS011800: Activating Naming Subsystem
00:16:22,101 INFO  [org.jboss.as.osgi] (ServerService Thread Pool -- 39) JBAS011940: Activating OSGi Subsystem
00:16:22,118 INFO  [org.jboss.as.naming] (MSC service thread 1-8) JBAS011802: Starting Naming Service
00:16:22,122 INFO  [org.jboss.as.mail.extension] (MSC service thread 1-5) JBAS015400: Bound mail session [java:jboss/mail/Default]
00:16:22,129 INFO  [org.jboss.as.webservices] (ServerService Thread Pool -- 48) JBAS015537: Activating WebServices Extension
00:16:22,182 INFO  [org.jboss.as.security] (ServerService Thread Pool -- 44) JBAS013101: Activating Security Subsystem
00:16:22,188 INFO  [org.jboss.as.security] (MSC service thread 1-8) JBAS013100: Current PicketBox version=4.0.7.Final
00:16:22,474 INFO  [org.jboss.ws.common.management.AbstractServerConfig] (MSC service thread 1-1) JBoss Web Services - Stack CXF Server 4.0.2.GA
00:16:22,691 ERROR [org.apache.coyote.http11.Http11Protocol] (MSC service thread 1-2) Error initializing endpoint: java.net.BindException: Address already in use: JVM_Bind /127.0.0.1:8080
	at org.apache.tomcat.util.net.JIoEndpoint.init(JIoEndpoint.java:983) [jbossweb-7.0.13.Final.jar:]
	at org.apache.coyote.http11.Http11Protocol.init(Http11Protocol.java:190) [jbossweb-7.0.13.Final.jar:]
	at org.apache.catalina.connector.Connector.init(Connector.java:983) [jbossweb-7.0.13.Final.jar:]
	at org.jboss.as.web.WebConnectorService.start(WebConnectorService.java:267) [jboss-as-web-7.1.1.Final.jar:7.1.1.Final]
	at org.jboss.msc.service.ServiceControllerImpl$StartTask.startService(ServiceControllerImpl.java:1811) [jboss-msc-1.0.2.GA.jar:1.0.2.GA]
	at org.jboss.msc.service.ServiceControllerImpl$StartTask.run(ServiceControllerImpl.java:1746) [jboss-msc-1.0.2.GA.jar:1.0.2.GA]
	at java.util.concurrent.ThreadPoolExecutor.runWorker(ThreadPoolExecutor.java:1145) [rt.jar:1.7.0_79]
	at java.util.concurrent.ThreadPoolExecutor$Worker.run(ThreadPoolExecutor.java:615) [rt.jar:1.7.0_79]
	at java.lang.Thread.run(Thread.java:745) [rt.jar:1.7.0_79]

00:16:22,703 ERROR [org.jboss.msc.service.fail] (MSC service thread 1-2) MSC00001: Failed to start service jboss.web.connector.http: org.jboss.msc.service.StartException in service jboss.web.connector.http: JBAS018007: Error starting web connector
	at org.jboss.as.web.WebConnectorService.start(WebConnectorService.java:271)
	at org.jboss.msc.service.ServiceControllerImpl$StartTask.startService(ServiceControllerImpl.java:1811) [jboss-msc-1.0.2.GA.jar:1.0.2.GA]
	at org.jboss.msc.service.ServiceControllerImpl$StartTask.run(ServiceControllerImpl.java:1746) [jboss-msc-1.0.2.GA.jar:1.0.2.GA]
	at java.util.concurrent.ThreadPoolExecutor.runWorker(ThreadPoolExecutor.java:1145) [rt.jar:1.7.0_79]
	at java.util.concurrent.ThreadPoolExecutor$Worker.run(ThreadPoolExecutor.java:615) [rt.jar:1.7.0_79]
	at java.lang.Thread.run(Thread.java:745) [rt.jar:1.7.0_79]
Caused by: LifecycleException:  Protocol handler initialization failed: java.net.BindException: Address already in use: JVM_Bind /127.0.0.1:8080
	at org.apache.catalina.connector.Connector.init(Connector.java:985)
	at org.jboss.as.web.WebConnectorService.start(WebConnectorService.java:267)
	... 5 more

00:16:22,836 INFO  [org.jboss.as.remoting] (MSC service thread 1-7) JBAS017100: Listening on /127.0.0.1:4447
00:16:22,837 INFO  [org.jboss.as.server.deployment.scanner] (MSC service thread 1-3) JBAS015012: Started FileSystemDeploymentService for directory C:\Lavoro\WORKSPACES\mongorest-workspace\mongodbmain\extensions\declarative\target\jboss-as-7.1.1.Final\standalone\deployments
00:16:22,838 INFO  [org.jboss.as.remoting] (MSC service thread 1-6) JBAS017100: Listening on /127.0.0.1:9999
00:16:22,844 ERROR [org.jboss.msc.service.fail] (MSC service thread 1-8) MSC00001: Failed to start service jboss.serverManagement.controller.management.http: org.jboss.msc.service.StartException in service jboss.serverManagement.controller.management.http: Address already in use: bind /127.0.0.1:9990
	at org.jboss.as.server.mgmt.HttpManagementService.start(HttpManagementService.java:210) [jboss-as-server-7.1.1.Final.jar:7.1.1.Final]
	at org.jboss.msc.service.ServiceControllerImpl$StartTask.startService(ServiceControllerImpl.java:1811) [jboss-msc-1.0.2.GA.jar:1.0.2.GA]
	at org.jboss.msc.service.ServiceControllerImpl$StartTask.run(ServiceControllerImpl.java:1746) [jboss-msc-1.0.2.GA.jar:1.0.2.GA]
	at java.util.concurrent.ThreadPoolExecutor.runWorker(ThreadPoolExecutor.java:1145) [rt.jar:1.7.0_79]
	at java.util.concurrent.ThreadPoolExecutor$Worker.run(ThreadPoolExecutor.java:615) [rt.jar:1.7.0_79]
	at java.lang.Thread.run(Thread.java:745) [rt.jar:1.7.0_79]
Caused by: java.net.BindException: Address already in use: bind
	at sun.nio.ch.Net.bind0(Native Method) [rt.jar:1.7.0_79]
	at sun.nio.ch.Net.bind(Net.java:444) [rt.jar:1.7.0_79]
	at sun.nio.ch.Net.bind(Net.java:436) [rt.jar:1.7.0_79]
	at sun.nio.ch.ServerSocketChannelImpl.bind(ServerSocketChannelImpl.java:214) [rt.jar:1.7.0_79]
	at sun.nio.ch.ServerSocketAdaptor.bind(ServerSocketAdaptor.java:74) [rt.jar:1.7.0_79]
	at org.jboss.sun.net.httpserver.ServerImpl.<init>(ServerImpl.java:144)
	at org.jboss.sun.net.httpserver.HttpServerImpl.<init>(HttpServerImpl.java:54)
	at org.jboss.sun.net.httpserver.DefaultHttpServerProvider.createHttpServer(DefaultHttpServerProvider.java:38)
	at org.jboss.com.sun.net.httpserver.HttpServer.create(HttpServer.java:147)
	at org.jboss.as.domain.http.server.ManagementHttpServer.create(ManagementHttpServer.java:145) [jboss-as-domain-http-interface-7.1.1.Final.jar:7.1.1.Final]
	at org.jboss.as.server.mgmt.HttpManagementService.start(HttpManagementService.java:177) [jboss-as-server-7.1.1.Final.jar:7.1.1.Final]
	... 5 more

00:16:22,953 INFO  [org.jboss.as.connector.subsystems.datasources] (MSC service thread 1-8) JBAS010400: Bound data source [java:jboss/datasources/ExampleDS]
00:16:23,163 INFO  [org.jboss.as.controller] (Controller Boot Thread) JBAS014774: Service status report
JBAS014777:   Services which failed to start:      service jboss.serverManagement.controller.management.http: org.jboss.msc.service.StartException in service jboss.serverManagement.controller.management.http: Address already in use: bind /127.0.0.1:9990
      service jboss.web.connector.http: org.jboss.msc.service.StartException in service jboss.web.connector.http: JBAS018007: Error starting web connector

00:16:23,266 INFO  [org.jboss.as] (Controller Boot Thread) JBAS015954: Admin console is not enabled
00:16:23,267 ERROR [org.jboss.as] (Controller Boot Thread) JBAS015875: JBoss AS 7.1.1.Final "Brontes" started (with errors) in 2947ms - Started 130 of 208 services (3 services failed or missing dependencies, 74 services are passive or on-demand)
00:16:29,254 INFO  [org.jboss.as.repository] (management-handler-thread - 2) JBAS014900: Content added at location C:\Lavoro\WORKSPACES\mongorest-workspace\mongodbmain\extensions\declarative\target\jboss-as-7.1.1.Final\standalone\data\content\fd\1f27b0eb4e322394870136311dc2095977a5c3\content
00:16:29,269 INFO  [org.jboss.as.server.deployment] (MSC service thread 1-2) JBAS015876: Starting deployment of "73729c0a-2d93-4914-ba17-7a6d972e1cc2.war"
00:16:30,030 INFO  [org.jboss.web] (MSC service thread 1-4) JBAS018210: Registering web context: /73729c0a-2d93-4914-ba17-7a6d972e1cc2
00:16:30,156 INFO  [org.jboss.as.server] (management-handler-thread - 2) JBAS018559: Deployed "73729c0a-2d93-4914-ba17-7a6d972e1cc2.war"
00:16:30,625 INFO  [org.jboss.as.server.deployment] (MSC service thread 1-6) JBAS015877: Stopped deployment 73729c0a-2d93-4914-ba17-7a6d972e1cc2.war in 58ms
00:16:30,843 INFO  [org.jboss.as.repository] (management-handler-thread - 2) JBAS014901: Content removed from location C:\Lavoro\WORKSPACES\mongorest-workspace\mongodbmain\extensions\declarative\target\jboss-as-7.1.1.Final\standalone\data\content\fd\1f27b0eb4e322394870136311dc2095977a5c3\content
00:16:30,845 INFO  [org.jboss.as.server] (management-handler-thread - 2) JBAS018558: Undeployed "73729c0a-2d93-4914-ba17-7a6d972e1cc2.war"
00:16:31,510 INFO  [org.jboss.as.repository] (management-handler-thread - 3) JBAS014900: Content added at location C:\Lavoro\WORKSPACES\mongorest-workspace\mongodbmain\extensions\declarative\target\jboss-as-7.1.1.Final\standalone\data\content\1e\111f75c4ab86ca411dccf84000cdfb0c67ab74\content
00:16:31,514 INFO  [org.jboss.as.server.deployment] (MSC service thread 1-1) JBAS015876: Starting deployment of "51043763-3681-4fc7-9224-cb3f07d908c0.war"
00:16:31,734 INFO  [org.jboss.web] (MSC service thread 1-3) JBAS018210: Registering web context: /51043763-3681-4fc7-9224-cb3f07d908c0
00:16:31,866 INFO  [org.jboss.as.server] (management-handler-thread - 3) JBAS018559: Deployed "51043763-3681-4fc7-9224-cb3f07d908c0.war"
00:16:31,927 INFO  [org.jboss.as.server.deployment] (MSC service thread 1-4) JBAS015877: Stopped deployment 51043763-3681-4fc7-9224-cb3f07d908c0.war in 43ms
00:16:31,996 INFO  [org.jboss.as.repository] (management-handler-thread - 2) JBAS014901: Content removed from location C:\Lavoro\WORKSPACES\mongorest-workspace\mongodbmain\extensions\declarative\target\jboss-as-7.1.1.Final\standalone\data\content\1e\111f75c4ab86ca411dccf84000cdfb0c67ab74\content
00:16:31,997 INFO  [org.jboss.as.server] (management-handler-thread - 2) JBAS018558: Undeployed "51043763-3681-4fc7-9224-cb3f07d908c0.war"
00:17:32,054 INFO  [org.jboss.as.clustering.infinispan] (ServerService Thread Pool -- 31) JBAS010280: Activating Infinispan subsystem.
00:17:32,059 INFO  [org.jboss.as.configadmin] (ServerService Thread Pool -- 26) JBAS016200: Activating ConfigAdmin Subsystem
00:17:32,114 INFO  [org.jboss.as.connector] (MSC service thread 1-4) JBAS010408: Starting JCA Subsystem (JBoss IronJacamar 1.0.9.Final)
00:17:32,159 INFO  [org.jboss.as.osgi] (ServerService Thread Pool -- 39) JBAS011940: Activating OSGi Subsystem
00:17:32,159 INFO  [org.jboss.as.naming] (ServerService Thread Pool -- 38) JBAS011800: Activating Naming Subsystem
00:17:32,220 INFO  [org.jboss.as.naming] (MSC service thread 1-8) JBAS011802: Starting Naming Service
00:17:32,223 INFO  [org.jboss.as.mail.extension] (MSC service thread 1-8) JBAS015400: Bound mail session [java:jboss/mail/Default]
00:17:32,255 INFO  [org.jboss.as.connector.subsystems.datasources] (ServerService Thread Pool -- 27) JBAS010403: Deploying JDBC-compliant driver class org.h2.Driver (version 1.3)
00:17:32,291 INFO  [org.jboss.as.security] (ServerService Thread Pool -- 44) JBAS013101: Activating Security Subsystem
00:17:32,297 INFO  [org.jboss.as.security] (MSC service thread 1-2) JBAS013100: Current PicketBox version=4.0.7.Final
00:17:32,301 INFO  [org.jboss.as.webservices] (ServerService Thread Pool -- 48) JBAS015537: Activating WebServices Extension
00:17:32,585 INFO  [org.jboss.ws.common.management.AbstractServerConfig] (MSC service thread 1-1) JBoss Web Services - Stack CXF Server 4.0.2.GA
00:17:32,954 INFO  [org.apache.coyote.http11.Http11Protocol] (MSC service thread 1-8) Starting Coyote HTTP/1.1 on http--127.0.0.1-8080
00:17:33,148 INFO  [org.jboss.as.remoting] (MSC service thread 1-6) JBAS017100: Listening on /127.0.0.1:4447
00:17:33,148 INFO  [org.jboss.as.remoting] (MSC service thread 1-4) JBAS017100: Listening on /127.0.0.1:9999
00:17:33,159 INFO  [org.jboss.as.server.deployment.scanner] (MSC service thread 1-3) JBAS015012: Started FileSystemDeploymentService for directory C:\Lavoro\WORKSPACES\mongorest-workspace\mongodbmain\extensions\declarative\target\jboss-as-7.1.1.Final\standalone\deployments
00:17:33,160 ERROR [org.jboss.msc.service.fail] (MSC service thread 1-2) MSC00001: Failed to start service jboss.serverManagement.controller.management.http: org.jboss.msc.service.StartException in service jboss.serverManagement.controller.management.http: Address already in use: bind /127.0.0.1:9990
	at org.jboss.as.server.mgmt.HttpManagementService.start(HttpManagementService.java:210) [jboss-as-server-7.1.1.Final.jar:7.1.1.Final]
	at org.jboss.msc.service.ServiceControllerImpl$StartTask.startService(ServiceControllerImpl.java:1811) [jboss-msc-1.0.2.GA.jar:1.0.2.GA]
	at org.jboss.msc.service.ServiceControllerImpl$StartTask.run(ServiceControllerImpl.java:1746) [jboss-msc-1.0.2.GA.jar:1.0.2.GA]
	at java.util.concurrent.ThreadPoolExecutor.runWorker(ThreadPoolExecutor.java:1145) [rt.jar:1.7.0_79]
	at java.util.concurrent.ThreadPoolExecutor$Worker.run(ThreadPoolExecutor.java:615) [rt.jar:1.7.0_79]
	at java.lang.Thread.run(Thread.java:745) [rt.jar:1.7.0_79]
Caused by: java.net.BindException: Address already in use: bind
	at sun.nio.ch.Net.bind0(Native Method) [rt.jar:1.7.0_79]
	at sun.nio.ch.Net.bind(Net.java:444) [rt.jar:1.7.0_79]
	at sun.nio.ch.Net.bind(Net.java:436) [rt.jar:1.7.0_79]
	at sun.nio.ch.ServerSocketChannelImpl.bind(ServerSocketChannelImpl.java:214) [rt.jar:1.7.0_79]
	at sun.nio.ch.ServerSocketAdaptor.bind(ServerSocketAdaptor.java:74) [rt.jar:1.7.0_79]
	at org.jboss.sun.net.httpserver.ServerImpl.<init>(ServerImpl.java:144)
	at org.jboss.sun.net.httpserver.HttpServerImpl.<init>(HttpServerImpl.java:54)
	at org.jboss.sun.net.httpserver.DefaultHttpServerProvider.createHttpServer(DefaultHttpServerProvider.java:38)
	at org.jboss.com.sun.net.httpserver.HttpServer.create(HttpServer.java:147)
	at org.jboss.as.domain.http.server.ManagementHttpServer.create(ManagementHttpServer.java:145)
	at org.jboss.as.server.mgmt.HttpManagementService.start(HttpManagementService.java:177) [jboss-as-server-7.1.1.Final.jar:7.1.1.Final]
	... 5 more

00:17:33,304 INFO  [org.jboss.as.connector.subsystems.datasources] (MSC service thread 1-1) JBAS010400: Bound data source [java:jboss/datasources/ExampleDS]
00:17:33,519 INFO  [org.jboss.as.controller] (Controller Boot Thread) JBAS014774: Service status report
JBAS014777:   Services which failed to start:      service jboss.serverManagement.controller.management.http: org.jboss.msc.service.StartException in service jboss.serverManagement.controller.management.http: Address already in use: bind /127.0.0.1:9990

00:17:33,658 INFO  [org.jboss.as] (Controller Boot Thread) JBAS015954: Admin console is not enabled
00:17:33,658 ERROR [org.jboss.as] (Controller Boot Thread) JBAS015875: JBoss AS 7.1.1.Final "Brontes" started (with errors) in 3885ms - Started 131 of 208 services (2 services failed or missing dependencies, 74 services are passive or on-demand)
00:17:39,172 INFO  [org.jboss.as.repository] (management-handler-thread - 2) JBAS014900: Content added at location C:\Lavoro\WORKSPACES\mongorest-workspace\mongodbmain\extensions\declarative\target\jboss-as-7.1.1.Final\standalone\data\content\79\0d227ea3e5eec51b72ee462f245f5dbf6225bb\content
00:17:39,189 INFO  [org.jboss.as.server.deployment] (MSC service thread 1-6) JBAS015876: Starting deployment of "3739fbe3-2002-4a18-b48a-c9b83d0c6d15.war"
00:17:39,902 INFO  [org.jboss.web] (MSC service thread 1-8) JBAS018210: Registering web context: /3739fbe3-2002-4a18-b48a-c9b83d0c6d15
00:17:40,049 INFO  [org.jboss.as.server] (management-handler-thread - 2) JBAS018559: Deployed "3739fbe3-2002-4a18-b48a-c9b83d0c6d15.war"
00:17:40,773 INFORMAZIONI [org.jboss.arquillian.testenricher.cdi.container.BeanManagerProducer] (http--127.0.0.1-8080-1) BeanManager not found.
00:17:41,028 INFO  [org.jboss.as.server.deployment] (MSC service thread 1-8) JBAS015877: Stopped deployment 3739fbe3-2002-4a18-b48a-c9b83d0c6d15.war in 64ms
00:17:41,140 INFO  [org.jboss.as.repository] (management-handler-thread - 3) JBAS014901: Content removed from location C:\Lavoro\WORKSPACES\mongorest-workspace\mongodbmain\extensions\declarative\target\jboss-as-7.1.1.Final\standalone\data\content\79\0d227ea3e5eec51b72ee462f245f5dbf6225bb\content
00:17:41,141 INFO  [org.jboss.as.server] (management-handler-thread - 3) JBAS018558: Undeployed "3739fbe3-2002-4a18-b48a-c9b83d0c6d15.war"
00:17:41,983 INFO  [org.jboss.as.repository] (management-handler-thread - 4) JBAS014900: Content added at location C:\Lavoro\WORKSPACES\mongorest-workspace\mongodbmain\extensions\declarative\target\jboss-as-7.1.1.Final\standalone\data\content\cb\b4c351acbb68d31e23e52c51d43cc2fc1f6478\content
00:17:41,989 INFO  [org.jboss.as.server.deployment] (MSC service thread 1-8) JBAS015876: Starting deployment of "c977ddb9-91fe-4dc1-8671-62545ab01bc4.war"
00:17:42,243 INFO  [org.jboss.web] (MSC service thread 1-7) JBAS018210: Registering web context: /c977ddb9-91fe-4dc1-8671-62545ab01bc4
00:17:42,407 INFO  [org.jboss.as.server] (management-handler-thread - 4) JBAS018559: Deployed "c977ddb9-91fe-4dc1-8671-62545ab01bc4.war"
00:17:42,531 INFORMAZIONI [org.jboss.arquillian.testenricher.cdi.container.BeanManagerProducer] (http--127.0.0.1-8080-1) BeanManager not found.
00:17:42,981 INFO  [org.jboss.as.server.deployment] (MSC service thread 1-5) JBAS015877: Stopped deployment c977ddb9-91fe-4dc1-8671-62545ab01bc4.war in 373ms
00:17:43,149 INFO  [org.jboss.as.repository] (management-handler-thread - 2) JBAS014901: Content removed from location C:\Lavoro\WORKSPACES\mongorest-workspace\mongodbmain\extensions\declarative\target\jboss-as-7.1.1.Final\standalone\data\content\cb\b4c351acbb68d31e23e52c51d43cc2fc1f6478\content
00:17:43,150 INFO  [org.jboss.as.server] (management-handler-thread - 2) JBAS018558: Undeployed "c977ddb9-91fe-4dc1-8671-62545ab01bc4.war"
