00:18:50,670 INFO  [org.jboss.as.security] (ServerService Thread Pool -- 44) JBAS013101: Activating Security Subsystem
00:18:50,680 INFO  [org.jboss.as.configadmin] (ServerService Thread Pool -- 26) JBAS016200: Activating ConfigAdmin Subsystem
00:18:50,691 INFO  [org.jboss.as.naming] (ServerService Thread Pool -- 38) JBAS011800: Activating Naming Subsystem
00:18:50,697 INFO  [org.jboss.as.webservices] (ServerService Thread Pool -- 48) JBAS015537: Activating WebServices Extension
00:18:50,730 INFO  [org.jboss.as.osgi] (ServerService Thread Pool -- 39) JBAS011940: Activating OSGi Subsystem
00:18:50,746 INFO  [org.jboss.as.security] (MSC service thread 1-4) JBAS013100: Current PicketBox version=4.0.7.Final
00:18:50,819 INFO  [org.jboss.as.connector] (MSC service thread 1-5) JBAS010408: Starting JCA Subsystem (JBoss IronJacamar 1.0.9.Final)
00:18:50,856 INFO  [org.jboss.as.naming] (MSC service thread 1-5) JBAS011802: Starting Naming Service
00:18:50,883 INFO  [org.jboss.as.mail.extension] (MSC service thread 1-3) JBAS015400: Bound mail session [java:jboss/mail/Default]
00:18:51,359 INFO  [org.jboss.as.connector.subsystems.datasources] (ServerService Thread Pool -- 27) JBAS010403: Deploying JDBC-compliant driver class org.h2.Driver (version 1.3)
00:18:51,468 INFO  [org.apache.coyote.http11.Http11Protocol] (MSC service thread 1-8) Starting Coyote HTTP/1.1 on http--127.0.0.1-8080
00:18:51,634 INFO  [org.jboss.as.connector.subsystems.datasources] (MSC service thread 1-7) JBAS010400: Bound data source [java:jboss/datasources/ExampleDS]
00:18:51,930 INFO  [org.jboss.ws.common.management.AbstractServerConfig] (MSC service thread 1-3) JBoss Web Services - Stack CXF Server 4.0.2.GA
00:18:52,016 INFO  [org.jboss.as.server.deployment.scanner] (MSC service thread 1-8) JBAS015012: Started FileSystemDeploymentService for directory C:\Lavoro\WORKSPACES\mongorest-workspace\mongodbmain\extensions\deploymentscenario\target\jboss-as-7.1.1.Final\standalone\deployments
00:18:52,047 INFO  [org.jboss.as.remoting] (MSC service thread 1-6) JBAS017100: Listening on /127.0.0.1:4447
00:18:52,047 INFO  [org.jboss.as.remoting] (MSC service thread 1-3) JBAS017100: Listening on /127.0.0.1:9999
00:18:52,051 ERROR [org.jboss.msc.service.fail] (MSC service thread 1-4) MSC00001: Failed to start service jboss.serverManagement.controller.management.http: org.jboss.msc.service.StartException in service jboss.serverManagement.controller.management.http: Address already in use: bind /127.0.0.1:9990
	at org.jboss.as.server.mgmt.HttpManagementService.start(HttpManagementService.java:210) [jboss-as-server-7.1.1.Final.jar:7.1.1.Final]
	at org.jboss.msc.service.ServiceControllerImpl$StartTask.startService(ServiceControllerImpl.java:1811) [jboss-msc-1.0.2.GA.jar:1.0.2.GA]
	at org.jboss.msc.service.ServiceControllerImpl$StartTask.run(ServiceControllerImpl.java:1746) [jboss-msc-1.0.2.GA.jar:1.0.2.GA]
	at java.util.concurrent.ThreadPoolExecutor.runWorker(ThreadPoolExecutor.java:1145) [rt.jar:1.7.0_79]
	at java.util.concurrent.ThreadPoolExecutor$Worker.run(ThreadPoolExecutor.java:615) [rt.jar:1.7.0_79]
	at java.lang.Thread.run(Thread.java:745) [rt.jar:1.7.0_79]
Caused by: java.net.BindException: Address already in use: bind
	at sun.nio.ch.Net.bind0(Native Method) [rt.jar:1.7.0_79]
	at sun.nio.ch.Net.bind(Net.java:444) [rt.jar:1.7.0_79]
	at sun.nio.ch.Net.bind(Net.java:436) [rt.jar:1.7.0_79]
	at sun.nio.ch.ServerSocketChannelImpl.bind(ServerSocketChannelImpl.java:214) [rt.jar:1.7.0_79]
	at sun.nio.ch.ServerSocketAdaptor.bind(ServerSocketAdaptor.java:74) [rt.jar:1.7.0_79]
	at org.jboss.sun.net.httpserver.ServerImpl.<init>(ServerImpl.java:144)
	at org.jboss.sun.net.httpserver.HttpServerImpl.<init>(HttpServerImpl.java:54)
	at org.jboss.sun.net.httpserver.DefaultHttpServerProvider.createHttpServer(DefaultHttpServerProvider.java:38)
	at org.jboss.com.sun.net.httpserver.HttpServer.create(HttpServer.java:147)
	at org.jboss.as.domain.http.server.ManagementHttpServer.create(ManagementHttpServer.java:145)
	at org.jboss.as.server.mgmt.HttpManagementService.start(HttpManagementService.java:177) [jboss-as-server-7.1.1.Final.jar:7.1.1.Final]
	... 5 more

00:18:52,274 INFO  [org.jboss.as.controller] (Controller Boot Thread) JBAS014774: Service status report
JBAS014777:   Services which failed to start:      service jboss.serverManagement.controller.management.http: org.jboss.msc.service.StartException in service jboss.serverManagement.controller.management.http: Address already in use: bind /127.0.0.1:9990

00:18:52,932 INFO  [org.jboss.as] (Controller Boot Thread) JBAS015954: Admin console is not enabled
00:18:52,933 ERROR [org.jboss.as] (Controller Boot Thread) JBAS015875: JBoss AS 7.1.1.Final "Brontes" started (with errors) in 6587ms - Started 131 of 208 services (2 services failed or missing dependencies, 74 services are passive or on-demand)
00:18:54,399 INFO  [org.jboss.as.repository] (management-handler-thread - 2) JBAS014900: Content added at location C:\Lavoro\WORKSPACES\mongorest-workspace\mongodbmain\extensions\deploymentscenario\target\jboss-as-7.1.1.Final\standalone\data\content\1f\ea149c857127d1e1be887181cccbb43547e12d\content
00:18:54,412 INFO  [org.jboss.as.server.deployment] (MSC service thread 1-4) JBAS015876: Starting deployment of "5043876b-53d3-4fae-abae-056ca34d9d65.war"
00:18:54,791 INFO  [org.jboss.weld.deployer] (MSC service thread 1-7) JBAS016002: Processing weld deployment 5043876b-53d3-4fae-abae-056ca34d9d65.war
00:18:54,860 INFO  [org.jboss.weld.deployer] (MSC service thread 1-3) JBAS016005: Starting Services for CDI deployment: 5043876b-53d3-4fae-abae-056ca34d9d65.war
00:18:54,928 INFO  [org.jboss.weld.Version] (MSC service thread 1-3) WELD-000900 1.1.5 (AS71)
00:18:54,969 INFO  [org.jboss.weld.deployer] (MSC service thread 1-1) JBAS016008: Starting weld service for deployment 5043876b-53d3-4fae-abae-056ca34d9d65.war
00:18:55,508 INFO  [org.jboss.web] (MSC service thread 1-5) JBAS018210: Registering web context: /5043876b-53d3-4fae-abae-056ca34d9d65
00:18:55,840 INFO  [org.jboss.as.server] (management-handler-thread - 2) JBAS018559: Deployed "5043876b-53d3-4fae-abae-056ca34d9d65.war"
00:18:56,667 INFO  [org.jboss.weld.deployer] (MSC service thread 1-8) JBAS016009: Stopping weld service for deployment 5043876b-53d3-4fae-abae-056ca34d9d65.war
00:18:56,708 INFO  [org.jboss.as.server.deployment] (MSC service thread 1-5) JBAS015877: Stopped deployment 5043876b-53d3-4fae-abae-056ca34d9d65.war in 60ms
00:18:56,927 INFO  [org.jboss.as.repository] (management-handler-thread - 3) JBAS014901: Content removed from location C:\Lavoro\WORKSPACES\mongorest-workspace\mongodbmain\extensions\deploymentscenario\target\jboss-as-7.1.1.Final\standalone\data\content\1f\ea149c857127d1e1be887181cccbb43547e12d\content
00:18:56,929 INFO  [org.jboss.as.server] (management-handler-thread - 3) JBAS018558: Undeployed "5043876b-53d3-4fae-abae-056ca34d9d65.war"
00:18:57,717 INFO  [org.jboss.as.repository] (management-handler-thread - 4) JBAS014900: Content added at location C:\Lavoro\WORKSPACES\mongorest-workspace\mongodbmain\extensions\deploymentscenario\target\jboss-as-7.1.1.Final\standalone\data\content\d3\fd2766cfcfc2b6d5a35799f46b0b7096439388\content
00:18:57,720 INFO  [org.jboss.as.server.deployment] (MSC service thread 1-6) JBAS015876: Starting deployment of "test.war"
00:18:57,911 INFO  [org.jboss.weld.deployer] (MSC service thread 1-2) JBAS016002: Processing weld deployment test.war
00:18:57,924 INFO  [org.jboss.weld.deployer] (MSC service thread 1-5) JBAS016005: Starting Services for CDI deployment: test.war
00:18:57,930 INFO  [org.jboss.weld.deployer] (MSC service thread 1-7) JBAS016008: Starting weld service for deployment test.war
00:18:58,013 INFO  [org.jboss.web] (MSC service thread 1-7) JBAS018210: Registering web context: /test
00:18:58,299 INFO  [org.jboss.as.server] (management-handler-thread - 4) JBAS018559: Deployed "test.war"
00:18:58,415 INFO  [org.jboss.weld.deployer] (MSC service thread 1-5) JBAS016009: Stopping weld service for deployment test.war
00:18:58,450 INFO  [org.jboss.as.server.deployment] (MSC service thread 1-5) JBAS015877: Stopped deployment test.war in 40ms
00:18:58,534 INFO  [org.jboss.as.repository] (management-handler-thread - 2) JBAS014901: Content removed from location C:\Lavoro\WORKSPACES\mongorest-workspace\mongodbmain\extensions\deploymentscenario\target\jboss-as-7.1.1.Final\standalone\data\content\d3\fd2766cfcfc2b6d5a35799f46b0b7096439388\content
00:18:58,535 INFO  [org.jboss.as.server] (management-handler-thread - 2) JBAS018558: Undeployed "test.war"
